#-----------------------------------------------------------
# Vivado v2024.2 (64-bit)
# SW Build 5239630 on Fri Nov 08 22:35:27 MST 2024
# IP Build 5239520 on Sun Nov 10 16:12:51 MST 2024
# SharedData Build 5239561 on Fri Nov 08 14:39:27 MST 2024
# Start of session at: Thu Mar 12 10:38:29 2026
# Process ID         : 24088
# Current directory  : C:/Users/C28Benjamin.Van_den/ECE_281/Lab02/binaryHexDisp
# Command line       : vivado.exe -gui_launcher_event rodinguilauncherevent33668 C:\Users\C28Benjamin.Van_den\ECE_281\Lab02\binaryHexDisp\binaryHexDisp.xpr
# Log file           : C:/Users/C28Benjamin.Van_den/ECE_281/Lab02/binaryHexDisp/vivado.log
# Journal file       : C:/Users/C28Benjamin.Van_den/ECE_281/Lab02/binaryHexDisp\vivado.jou
# Running On         : C28-2TK416010J
# Platform           : Windows Server 2016 or Windows 10
# Operating System   : 22631
# Processor Detail   : AMD Ryzen 7 PRO 7840U w/ Radeon 780M Graphics  
# CPU Frequency      : 3294 MHz
# CPU Physical cores : 8
# CPU Logical cores  : 16
# Host memory        : 33585 MB
# Swap memory        : 5100 MB
# Total Virtual      : 38685 MB
# Available Virtual  : 16144 MB
#-----------------------------------------------------------
INFO: [Common 17-1239] XILINX_LOCAL_USER_DATA is set to 'no'.
start_gui
open_project C:/Users/C28Benjamin.Van_den/ECE_281/Lab02/binaryHexDisp/binaryHexDisp.xpr
INFO: [filemgmt 56-3] Default IP Output Path : Could not find the directory 'C:/Users/C28Benjamin.Van_den/ECE_281/Lab02/binaryHexDisp/binaryHexDisp.gen/sources_1'.
Scanning sources...
Finished scanning sources
INFO: [IP_Flow 19-234] Refreshing IP repositories
INFO: [IP_Flow 19-1704] No user IP repositories specified
INFO: [IP_Flow 19-2313] Loaded Vivado IP repository 'C:/Xilinx/Vivado/2024.2/data/ip'.
open_project: Time (s): cpu = 00:00:04 ; elapsed = 00:00:10 . Memory (MB): peak = 1115.055 ; gain = 62.066
update_compile_order -fileset sources_1
set_property SOURCE_SET sources_1 [get_filesets sim_1]
close [ open C:/Users/C28Benjamin.Van_den/ECE_281/Lab02/src/sevenseg_decoder_tb.v w ]
add_files -fileset sim_1 C:/Users/C28Benjamin.Van_den/ECE_281/Lab02/src/sevenseg_decoder_tb.v
update_compile_order -fileset sim_1
remove_files  -fileset sim_1 C:/Users/C28Benjamin.Van_den/ECE_281/Lab02/src/sevenseg_decoder_tb.v
remove_files  -fileset sim_1 C:/Users/C28Benjamin.Van_den/ECE_281/Lab02/src/sevenseg_decoder_tb.v
WARNING: [Vivado 12-818] No files matched 'C:/Users/C28Benjamin.Van_den/ECE_281/Lab02/src/sevenseg_decoder_tb.v'
set_property SOURCE_SET sources_1 [get_filesets sim_1]
close [ open C:/Users/C28Benjamin.Van_den/ECE_281/Lab02/src/sevenseg_decoder_tb.v w ]
add_files -fileset sim_1 C:/Users/C28Benjamin.Van_den/ECE_281/Lab02/src/sevenseg_decoder_tb.v
update_compile_order -fileset sim_1
remove_files  -fileset sim_1 C:/Users/C28Benjamin.Van_den/ECE_281/Lab02/src/sevenseg_decoder_tb.v
set_property SOURCE_SET sources_1 [get_filesets sim_1]
close [ open C:/Users/C28Benjamin.Van_den/ECE_281/Lab02/src/sevenseg_decoder_tb.vhd w ]
add_files -fileset sim_1 C:/Users/C28Benjamin.Van_den/ECE_281/Lab02/src/sevenseg_decoder_tb.vhd
update_compile_order -fileset sim_1
WARNING: [filemgmt 56-199] Attempt to get parsing info during refresh. "On-the-fly" syntax checking information may be incorrect. [C:\Users\C28Benjamin.Van_den\ECE_281\Lab02\src\sevenseg_decoder_tb.vhd:]
WARNING: [filemgmt 56-199] Attempt to get parsing info during refresh. "On-the-fly" syntax checking information may be incorrect. [C:\Users\C28Benjamin.Van_den\ECE_281\Lab02\src\sevenseg_decoder.vhd:]
WARNING: [filemgmt 56-199] Attempt to get parsing info during refresh. "On-the-fly" syntax checking information may be incorrect. [C:\Users\C28Benjamin.Van_den\ECE_281\Lab02\src\sevenseg_decoder_tb.v:]
WARNING: [filemgmt 56-199] Attempt to get parsing info during refresh. "On-the-fly" syntax checking information may be incorrect. [C:\Users\C28Benjamin.Van_den\ECE_281\Lab02\src\sevenseg_decoder_tb.vhd:]
WARNING: [filemgmt 56-199] Attempt to get parsing info during refresh. "On-the-fly" syntax checking information may be incorrect. [C:\Users\C28Benjamin.Van_den\ECE_281\Lab02\src\sevenseg_decoder_tb.vhd:]
launch_simulation
Command: launch_simulation 
INFO: [Vivado 12-12493] Simulation top is 'sevenseg_decoder'
WARNING: [Vivado 12-13340] Unable to auto find GCC executables from simulator install path! (path not set)
INFO: [Vivado 12-5682] Launching behavioral simulation in 'C:/Users/C28Benjamin.Van_den/ECE_281/Lab02/binaryHexDisp/binaryHexDisp.sim/sim_1/behav/xsim'
INFO: [SIM-utils-51] Simulation object is 'sim_1'
INFO: [SIM-utils-72] Using boost library from 'C:/Xilinx/Vivado/2024.2/tps/boost_1_72_0'
INFO: [SIM-utils-54] Inspecting design source files for 'sevenseg_decoder' in fileset 'sim_1'...
INFO: [USF-XSim-97] Finding global include files...
INFO: [USF-XSim-98] Fetching design files from 'sim_1'...
INFO: [USF-XSim-2] XSim::Compile design
INFO: [USF-XSim-61] Executing 'COMPILE and ANALYZE' step in 'C:/Users/C28Benjamin.Van_den/ECE_281/Lab02/binaryHexDisp/binaryHexDisp.sim/sim_1/behav/xsim'
"xvhdl --incr --relax -prj sevenseg_decoder_vhdl.prj"
INFO: [VRFC 10-163] Analyzing VHDL file "C:/Users/C28Benjamin.Van_den/ECE_281/Lab02/src/sevenseg_decoder.vhd" into library xil_defaultlib
INFO: [VRFC 10-3107] analyzing entity 'sevenseg_decoder'
INFO: [USF-XSim-69] 'compile' step finished in '4' seconds
INFO: [USF-XSim-3] XSim::Elaborate design
INFO: [USF-XSim-61] Executing 'ELABORATE' step in 'C:/Users/C28Benjamin.Van_den/ECE_281/Lab02/binaryHexDisp/binaryHexDisp.sim/sim_1/behav/xsim'
"xelab --incr --debug typical --relax --mt 2 -L xil_defaultlib -L secureip --snapshot sevenseg_decoder_behav xil_defaultlib.sevenseg_decoder -log elaborate.log"
Vivado Simulator v2024.2.0
Copyright 1986-2022 Xilinx, Inc. All Rights Reserved.
Copyright 2022-2024 Advanced Micro Devices, Inc. All Rights Reserved.
Running: C:/Xilinx/Vivado/2024.2/bin/unwrapped/win64.o/xelab.exe --incr --debug typical --relax --mt 2 -L xil_defaultlib -L secureip --snapshot sevenseg_decoder_behav xil_defaultlib.sevenseg_decoder -log elaborate.log 
Using 2 slave threads.
Starting static elaboration
Completed static elaboration
Starting simulation data flow analysis
Completed simulation data flow analysis
Time Resolution for simulation is 1ps
Compiling package std.standard
Compiling package std.textio
Compiling package ieee.std_logic_1164
Compiling architecture behavioral of entity xil_defaultlib.sevenseg_decoder
Built simulation snapshot sevenseg_decoder_behav
run_program: Time (s): cpu = 00:00:00 ; elapsed = 00:00:06 . Memory (MB): peak = 1161.734 ; gain = 0.000
INFO: [USF-XSim-69] 'elaborate' step finished in '6' seconds
INFO: [USF-XSim-4] XSim::Simulate design
INFO: [USF-XSim-61] Executing 'SIMULATE' step in 'C:/Users/C28Benjamin.Van_den/ECE_281/Lab02/binaryHexDisp/binaryHexDisp.sim/sim_1/behav/xsim'
INFO: [USF-XSim-98] *** Running xsim
   with args "sevenseg_decoder_behav -key {Behavioral:sim_1:Functional:sevenseg_decoder} -tclbatch {sevenseg_decoder.tcl} -log {simulate.log}"
INFO: [USF-XSim-8] Loading simulator feature
Time resolution is 1 ps
source sevenseg_decoder.tcl
# set curr_wave [current_wave_config]
# if { [string length $curr_wave] == 0 } {
#   if { [llength [get_objects]] > 0} {
#     add_wave /
#     set_property needs_save false [current_wave_config]
#   } else {
#      send_msg_id Add_Wave-1 WARNING "No top level signals found. Simulator will start without a wave window. If you want to open a wave window go to 'File->New Waveform Configuration' or type 'create_wave_config' in the TCL console."
#   }
# }
# run 1000ns
INFO: [USF-XSim-96] XSim completed. Design snapshot 'sevenseg_decoder_behav' loaded.
INFO: [USF-XSim-97] XSim simulation ran for 1000ns
launch_simulation: Time (s): cpu = 00:00:01 ; elapsed = 00:00:16 . Memory (MB): peak = 1194.230 ; gain = 32.496
close_sim
INFO: [Simtcl 6-16] Simulation closed
launch_simulation
Command: launch_simulation 
INFO: [Vivado 12-12493] Simulation top is 'sevenseg_decoder'
WARNING: [Vivado 12-13340] Unable to auto find GCC executables from simulator install path! (path not set)
INFO: [Vivado 12-5682] Launching behavioral simulation in 'C:/Users/C28Benjamin.Van_den/ECE_281/Lab02/binaryHexDisp/binaryHexDisp.sim/sim_1/behav/xsim'
INFO: [SIM-utils-51] Simulation object is 'sim_1'
INFO: [SIM-utils-72] Using boost library from 'C:/Xilinx/Vivado/2024.2/tps/boost_1_72_0'
INFO: [SIM-utils-54] Inspecting design source files for 'sevenseg_decoder' in fileset 'sim_1'...
INFO: [USF-XSim-97] Finding global include files...
INFO: [USF-XSim-98] Fetching design files from 'sim_1'...
INFO: [USF-XSim-2] XSim::Compile design
INFO: [USF-XSim-61] Executing 'COMPILE and ANALYZE' step in 'C:/Users/C28Benjamin.Van_den/ECE_281/Lab02/binaryHexDisp/binaryHexDisp.sim/sim_1/behav/xsim'
"xvhdl --incr --relax -prj sevenseg_decoder_vhdl.prj"
INFO: [USF-XSim-69] 'compile' step finished in '2' seconds
INFO: [USF-XSim-3] XSim::Elaborate design
INFO: [USF-XSim-61] Executing 'ELABORATE' step in 'C:/Users/C28Benjamin.Van_den/ECE_281/Lab02/binaryHexDisp/binaryHexDisp.sim/sim_1/behav/xsim'
"xelab --incr --debug typical --relax --mt 2 -L xil_defaultlib -L secureip --snapshot sevenseg_decoder_behav xil_defaultlib.sevenseg_decoder -log elaborate.log"
Vivado Simulator v2024.2.0
Copyright 1986-2022 Xilinx, Inc. All Rights Reserved.
Copyright 2022-2024 Advanced Micro Devices, Inc. All Rights Reserved.
Running: C:/Xilinx/Vivado/2024.2/bin/unwrapped/win64.o/xelab.exe --incr --debug typical --relax --mt 2 -L xil_defaultlib -L secureip --snapshot sevenseg_decoder_behav xil_defaultlib.sevenseg_decoder -log elaborate.log 
Using 2 slave threads.
Starting static elaboration
Completed static elaboration
INFO: [XSIM 43-4323] No Change in HDL. Linking previously generated obj files to create kernel
INFO: [USF-XSim-69] 'elaborate' step finished in '3' seconds
INFO: [USF-XSim-4] XSim::Simulate design
INFO: [USF-XSim-61] Executing 'SIMULATE' step in 'C:/Users/C28Benjamin.Van_den/ECE_281/Lab02/binaryHexDisp/binaryHexDisp.sim/sim_1/behav/xsim'
INFO: [USF-XSim-98] *** Running xsim
   with args "sevenseg_decoder_behav -key {Behavioral:sim_1:Functional:sevenseg_decoder} -tclbatch {sevenseg_decoder.tcl} -log {simulate.log}"
INFO: [USF-XSim-8] Loading simulator feature
Time resolution is 1 ps
source sevenseg_decoder.tcl
# set curr_wave [current_wave_config]
# if { [string length $curr_wave] == 0 } {
#   if { [llength [get_objects]] > 0} {
#     add_wave /
#     set_property needs_save false [current_wave_config]
#   } else {
#      send_msg_id Add_Wave-1 WARNING "No top level signals found. Simulator will start without a wave window. If you want to open a wave window go to 'File->New Waveform Configuration' or type 'create_wave_config' in the TCL console."
#   }
# }
# run 1000ns
INFO: [USF-XSim-96] XSim completed. Design snapshot 'sevenseg_decoder_behav' loaded.
INFO: [USF-XSim-97] XSim simulation ran for 1000ns
launch_simulation: Time (s): cpu = 00:00:02 ; elapsed = 00:00:08 . Memory (MB): peak = 1828.930 ; gain = 0.000
WARNING: [filemgmt 56-199] Attempt to get parsing info during refresh. "On-the-fly" syntax checking information may be incorrect. [C:\Users\C28Benjamin.Van_den\ECE_281\Lab02\src\sevenseg_decoder_tb.vhd:]
WARNING: [filemgmt 56-199] Attempt to get parsing info during refresh. "On-the-fly" syntax checking information may be incorrect. [C:\Users\C28Benjamin.Van_den\ECE_281\Lab02\src\sevenseg_decoder.vhd:]
WARNING: [filemgmt 56-199] Attempt to get parsing info during refresh. "On-the-fly" syntax checking information may be incorrect. [C:\Users\C28Benjamin.Van_den\ECE_281\Lab02\src\sevenseg_decoder_tb.v:]
WARNING: [filemgmt 56-199] Attempt to get parsing info during refresh. "On-the-fly" syntax checking information may be incorrect. [C:\Users\C28Benjamin.Van_den\ECE_281\Lab02\src\sevenseg_decoder_tb.vhd:]
WARNING: [filemgmt 56-199] Attempt to get parsing info during refresh. "On-the-fly" syntax checking information may be incorrect. [C:\Users\C28Benjamin.Van_den\ECE_281\Lab02\src\sevenseg_decoder_tb.vhd:]
ERROR: [Common 17-180] Spawn failed: No such file or directory
close_sim
INFO: [Simtcl 6-16] Simulation closed
launch_simulation
Command: launch_simulation 
INFO: [Vivado 12-12493] Simulation top is 'sevenseg_decoder'
WARNING: [Vivado 12-13340] Unable to auto find GCC executables from simulator install path! (path not set)
INFO: [Vivado 12-5682] Launching behavioral simulation in 'C:/Users/C28Benjamin.Van_den/ECE_281/Lab02/binaryHexDisp/binaryHexDisp.sim/sim_1/behav/xsim'
INFO: [SIM-utils-51] Simulation object is 'sim_1'
INFO: [SIM-utils-72] Using boost library from 'C:/Xilinx/Vivado/2024.2/tps/boost_1_72_0'
INFO: [SIM-utils-54] Inspecting design source files for 'sevenseg_decoder' in fileset 'sim_1'...
INFO: [USF-XSim-97] Finding global include files...
INFO: [USF-XSim-98] Fetching design files from 'sim_1'...
INFO: [USF-XSim-2] XSim::Compile design
INFO: [USF-XSim-61] Executing 'COMPILE and ANALYZE' step in 'C:/Users/C28Benjamin.Van_den/ECE_281/Lab02/binaryHexDisp/binaryHexDisp.sim/sim_1/behav/xsim'
"xvhdl --incr --relax -prj sevenseg_decoder_vhdl.prj"
INFO: [USF-XSim-69] 'compile' step finished in '3' seconds
INFO: [USF-XSim-3] XSim::Elaborate design
INFO: [USF-XSim-61] Executing 'ELABORATE' step in 'C:/Users/C28Benjamin.Van_den/ECE_281/Lab02/binaryHexDisp/binaryHexDisp.sim/sim_1/behav/xsim'
"xelab --incr --debug typical --relax --mt 2 -L xil_defaultlib -L secureip --snapshot sevenseg_decoder_behav xil_defaultlib.sevenseg_decoder -log elaborate.log"
Vivado Simulator v2024.2.0
Copyright 1986-2022 Xilinx, Inc. All Rights Reserved.
Copyright 2022-2024 Advanced Micro Devices, Inc. All Rights Reserved.
Running: C:/Xilinx/Vivado/2024.2/bin/unwrapped/win64.o/xelab.exe --incr --debug typical --relax --mt 2 -L xil_defaultlib -L secureip --snapshot sevenseg_decoder_behav xil_defaultlib.sevenseg_decoder -log elaborate.log 
Using 2 slave threads.
Starting static elaboration
Completed static elaboration
INFO: [XSIM 43-4323] No Change in HDL. Linking previously generated obj files to create kernel
INFO: [USF-XSim-69] 'elaborate' step finished in '3' seconds
INFO: [USF-XSim-4] XSim::Simulate design
INFO: [USF-XSim-61] Executing 'SIMULATE' step in 'C:/Users/C28Benjamin.Van_den/ECE_281/Lab02/binaryHexDisp/binaryHexDisp.sim/sim_1/behav/xsim'
INFO: [USF-XSim-98] *** Running xsim
   with args "sevenseg_decoder_behav -key {Behavioral:sim_1:Functional:sevenseg_decoder} -tclbatch {sevenseg_decoder.tcl} -log {simulate.log}"
INFO: [USF-XSim-8] Loading simulator feature
Time resolution is 1 ps
source sevenseg_decoder.tcl
# set curr_wave [current_wave_config]
# if { [string length $curr_wave] == 0 } {
#   if { [llength [get_objects]] > 0} {
#     add_wave /
#     set_property needs_save false [current_wave_config]
#   } else {
#      send_msg_id Add_Wave-1 WARNING "No top level signals found. Simulator will start without a wave window. If you want to open a wave window go to 'File->New Waveform Configuration' or type 'create_wave_config' in the TCL console."
#   }
# }
# run 1000ns
INFO: [USF-XSim-96] XSim completed. Design snapshot 'sevenseg_decoder_behav' loaded.
INFO: [USF-XSim-97] XSim simulation ran for 1000ns
launch_simulation: Time (s): cpu = 00:00:00 ; elapsed = 00:00:08 . Memory (MB): peak = 2206.297 ; gain = 0.000
WARNING: [filemgmt 56-199] Attempt to get parsing info during refresh. "On-the-fly" syntax checking information may be incorrect. [C:\Users\C28Benjamin.Van_den\ECE_281\Lab02\src\sevenseg_decoder_tb.vhd:]
WARNING: [filemgmt 56-199] Attempt to get parsing info during refresh. "On-the-fly" syntax checking information may be incorrect. [C:\Users\C28Benjamin.Van_den\ECE_281\Lab02\src\sevenseg_decoder.vhd:]
WARNING: [filemgmt 56-199] Attempt to get parsing info during refresh. "On-the-fly" syntax checking information may be incorrect. [C:\Users\C28Benjamin.Van_den\ECE_281\Lab02\src\sevenseg_decoder_tb.v:]
WARNING: [filemgmt 56-199] Attempt to get parsing info during refresh. "On-the-fly" syntax checking information may be incorrect. [C:\Users\C28Benjamin.Van_den\ECE_281\Lab02\src\sevenseg_decoder_tb.vhd:]
WARNING: [filemgmt 56-199] Attempt to get parsing info during refresh. "On-the-fly" syntax checking information may be incorrect. [C:\Users\C28Benjamin.Van_den\ECE_281\Lab02\src\sevenseg_decoder_tb.vhd:]
ERROR: [Common 17-180] Spawn failed: No such file or directory
close_sim
INFO: [Simtcl 6-16] Simulation closed
launch_simulation
Command: launch_simulation 
INFO: [Vivado 12-12493] Simulation top is 'sevenseg_decoder'
WARNING: [Vivado 12-13340] Unable to auto find GCC executables from simulator install path! (path not set)
INFO: [Vivado 12-5682] Launching behavioral simulation in 'C:/Users/C28Benjamin.Van_den/ECE_281/Lab02/binaryHexDisp/binaryHexDisp.sim/sim_1/behav/xsim'
INFO: [SIM-utils-51] Simulation object is 'sim_1'
INFO: [SIM-utils-72] Using boost library from 'C:/Xilinx/Vivado/2024.2/tps/boost_1_72_0'
INFO: [SIM-utils-54] Inspecting design source files for 'sevenseg_decoder' in fileset 'sim_1'...
INFO: [USF-XSim-97] Finding global include files...
INFO: [USF-XSim-98] Fetching design files from 'sim_1'...
INFO: [USF-XSim-2] XSim::Compile design
INFO: [USF-XSim-61] Executing 'COMPILE and ANALYZE' step in 'C:/Users/C28Benjamin.Van_den/ECE_281/Lab02/binaryHexDisp/binaryHexDisp.sim/sim_1/behav/xsim'
"xvhdl --incr --relax -prj sevenseg_decoder_vhdl.prj"
INFO: [USF-XSim-69] 'compile' step finished in '2' seconds
INFO: [USF-XSim-3] XSim::Elaborate design
INFO: [USF-XSim-61] Executing 'ELABORATE' step in 'C:/Users/C28Benjamin.Van_den/ECE_281/Lab02/binaryHexDisp/binaryHexDisp.sim/sim_1/behav/xsim'
"xelab --incr --debug typical --relax --mt 2 -L xil_defaultlib -L secureip --snapshot sevenseg_decoder_behav xil_defaultlib.sevenseg_decoder -log elaborate.log"
Vivado Simulator v2024.2.0
Copyright 1986-2022 Xilinx, Inc. All Rights Reserved.
Copyright 2022-2024 Advanced Micro Devices, Inc. All Rights Reserved.
Running: C:/Xilinx/Vivado/2024.2/bin/unwrapped/win64.o/xelab.exe --incr --debug typical --relax --mt 2 -L xil_defaultlib -L secureip --snapshot sevenseg_decoder_behav xil_defaultlib.sevenseg_decoder -log elaborate.log 
Using 2 slave threads.
Starting static elaboration
Completed static elaboration
INFO: [XSIM 43-4323] No Change in HDL. Linking previously generated obj files to create kernel
INFO: [USF-XSim-69] 'elaborate' step finished in '2' seconds
INFO: [USF-XSim-4] XSim::Simulate design
INFO: [USF-XSim-61] Executing 'SIMULATE' step in 'C:/Users/C28Benjamin.Van_den/ECE_281/Lab02/binaryHexDisp/binaryHexDisp.sim/sim_1/behav/xsim'
INFO: [USF-XSim-98] *** Running xsim
   with args "sevenseg_decoder_behav -key {Behavioral:sim_1:Functional:sevenseg_decoder} -tclbatch {sevenseg_decoder.tcl} -log {simulate.log}"
INFO: [USF-XSim-8] Loading simulator feature
Time resolution is 1 ps
source sevenseg_decoder.tcl
# set curr_wave [current_wave_config]
# if { [string length $curr_wave] == 0 } {
#   if { [llength [get_objects]] > 0} {
#     add_wave /
#     set_property needs_save false [current_wave_config]
#   } else {
#      send_msg_id Add_Wave-1 WARNING "No top level signals found. Simulator will start without a wave window. If you want to open a wave window go to 'File->New Waveform Configuration' or type 'create_wave_config' in the TCL console."
#   }
# }
# run 1000ns
INFO: [USF-XSim-96] XSim completed. Design snapshot 'sevenseg_decoder_behav' loaded.
INFO: [USF-XSim-97] XSim simulation ran for 1000ns
launch_simulation: Time (s): cpu = 00:00:01 ; elapsed = 00:00:07 . Memory (MB): peak = 2206.297 ; gain = 0.000
set_property top sevenseg_decoder_tb [get_filesets sim_1]
set_property top_lib xil_defaultlib [get_filesets sim_1]
WARNING: [filemgmt 56-199] Attempt to get parsing info during refresh. "On-the-fly" syntax checking information may be incorrect. [C:\Users\C28Benjamin.Van_den\ECE_281\Lab02\src\sevenseg_decoder_tb.vhd:]
WARNING: [filemgmt 56-199] Attempt to get parsing info during refresh. "On-the-fly" syntax checking information may be incorrect. [C:\Users\C28Benjamin.Van_den\ECE_281\Lab02\src\sevenseg_decoder.vhd:]
WARNING: [filemgmt 56-199] Attempt to get parsing info during refresh. "On-the-fly" syntax checking information may be incorrect. [C:\Users\C28Benjamin.Van_den\ECE_281\Lab02\src\sevenseg_decoder_tb.v:]
WARNING: [filemgmt 56-199] Attempt to get parsing info during refresh. "On-the-fly" syntax checking information may be incorrect. [C:\Users\C28Benjamin.Van_den\ECE_281\Lab02\src\sevenseg_decoder_tb.vhd:]
WARNING: [filemgmt 56-199] Attempt to get parsing info during refresh. "On-the-fly" syntax checking information may be incorrect. [C:\Users\C28Benjamin.Van_den\ECE_281\Lab02\src\sevenseg_decoder_tb.vhd:]
ERROR: [Common 17-180] Spawn failed: No such file or directory
update_compile_order -fileset sim_1
WARNING: [filemgmt 56-199] Attempt to get parsing info during refresh. "On-the-fly" syntax checking information may be incorrect. [C:\Users\C28Benjamin.Van_den\ECE_281\Lab02\src\sevenseg_decoder_tb.vhd:]
WARNING: [filemgmt 56-199] Attempt to get parsing info during refresh. "On-the-fly" syntax checking information may be incorrect. [C:\Users\C28Benjamin.Van_den\ECE_281\Lab02\src\sevenseg_decoder.vhd:]
WARNING: [filemgmt 56-199] Attempt to get parsing info during refresh. "On-the-fly" syntax checking information may be incorrect. [C:\Users\C28Benjamin.Van_den\ECE_281\Lab02\src\sevenseg_decoder_tb.v:]
WARNING: [filemgmt 56-199] Attempt to get parsing info during refresh. "On-the-fly" syntax checking information may be incorrect. [C:\Users\C28Benjamin.Van_den\ECE_281\Lab02\src\sevenseg_decoder_tb.vhd:]
WARNING: [filemgmt 56-199] Attempt to get parsing info during refresh. "On-the-fly" syntax checking information may be incorrect. [C:\Users\C28Benjamin.Van_den\ECE_281\Lab02\src\sevenseg_decoder_tb.vhd:]
ERROR: [Common 17-180] Spawn failed: No such file or directory
WARNING: [filemgmt 56-199] Attempt to get parsing info during refresh. "On-the-fly" syntax checking information may be incorrect. [C:\Users\C28Benjamin.Van_den\ECE_281\Lab02\src\sevenseg_decoder_tb.vhd:]
WARNING: [filemgmt 56-199] Attempt to get parsing info during refresh. "On-the-fly" syntax checking information may be incorrect. [C:\Users\C28Benjamin.Van_den\ECE_281\Lab02\src\sevenseg_decoder.vhd:]
WARNING: [filemgmt 56-199] Attempt to get parsing info during refresh. "On-the-fly" syntax checking information may be incorrect. [C:\Users\C28Benjamin.Van_den\ECE_281\Lab02\src\sevenseg_decoder_tb.v:]
WARNING: [filemgmt 56-199] Attempt to get parsing info during refresh. "On-the-fly" syntax checking information may be incorrect. [C:\Users\C28Benjamin.Van_den\ECE_281\Lab02\src\sevenseg_decoder_tb.vhd:]
WARNING: [filemgmt 56-199] Attempt to get parsing info during refresh. "On-the-fly" syntax checking information may be incorrect. [C:\Users\C28Benjamin.Van_den\ECE_281\Lab02\src\sevenseg_decoder_tb.vhd:]
launch_simulation
Command: launch_simulation 
INFO: [Vivado 12-12493] Simulation top is 'sevenseg_decoder_tb'
WARNING: [Vivado 12-13340] Unable to auto find GCC executables from simulator install path! (path not set)
boost::filesystem::remove: The process cannot access the file because it is being used by another process: "C:/Users/C28Benjamin.Van_den/ECE_281/Lab02/binaryHexDisp/binaryHexDisp.sim/sim_1/behav/xsim/simulate.log"
ERROR: [Common 17-180] Spawn failed: No such file or directory
launch_simulation
Command: launch_simulation 
INFO: [Vivado 12-12493] Simulation top is 'sevenseg_decoder_tb'
WARNING: [Vivado 12-13340] Unable to auto find GCC executables from simulator install path! (path not set)
boost::filesystem::remove: The process cannot access the file because it is being used by another process: "C:/Users/C28Benjamin.Van_den/ECE_281/Lab02/binaryHexDisp/binaryHexDisp.sim/sim_1/behav/xsim/simulate.log"
launch_simulation
Command: launch_simulation 
INFO: [Vivado 12-12493] Simulation top is 'sevenseg_decoder_tb'
WARNING: [Vivado 12-13340] Unable to auto find GCC executables from simulator install path! (path not set)
boost::filesystem::remove: The process cannot access the file because it is being used by another process: "C:/Users/C28Benjamin.Van_den/ECE_281/Lab02/binaryHexDisp/binaryHexDisp.sim/sim_1/behav/xsim/simulate.log"
launch_simulation
Command: launch_simulation 
INFO: [Vivado 12-12493] Simulation top is 'sevenseg_decoder_tb'
WARNING: [Vivado 12-13340] Unable to auto find GCC executables from simulator install path! (path not set)
boost::filesystem::remove: The process cannot access the file because it is being used by another process: "C:/Users/C28Benjamin.Van_den/ECE_281/Lab02/binaryHexDisp/binaryHexDisp.sim/sim_1/behav/xsim/simulate.log"
launch_simulation
Command: launch_simulation 
INFO: [Vivado 12-12493] Simulation top is 'sevenseg_decoder_tb'
WARNING: [Vivado 12-13340] Unable to auto find GCC executables from simulator install path! (path not set)
boost::filesystem::remove: The process cannot access the file because it is being used by another process: "C:/Users/C28Benjamin.Van_den/ECE_281/Lab02/binaryHexDisp/binaryHexDisp.sim/sim_1/behav/xsim/simulate.log"
launch_simulation
Command: launch_simulation 
INFO: [Vivado 12-12493] Simulation top is 'sevenseg_decoder_tb'
WARNING: [Vivado 12-13340] Unable to auto find GCC executables from simulator install path! (path not set)
boost::filesystem::remove: The process cannot access the file because it is being used by another process: "C:/Users/C28Benjamin.Van_den/ECE_281/Lab02/binaryHexDisp/binaryHexDisp.sim/sim_1/behav/xsim/simulate.log"
close_sim
INFO: [Simtcl 6-16] Simulation closed
launch_simulation
Command: launch_simulation 
INFO: [Vivado 12-12493] Simulation top is 'sevenseg_decoder_tb'
WARNING: [Vivado 12-13340] Unable to auto find GCC executables from simulator install path! (path not set)
INFO: [Vivado 12-5682] Launching behavioral simulation in 'C:/Users/C28Benjamin.Van_den/ECE_281/Lab02/binaryHexDisp/binaryHexDisp.sim/sim_1/behav/xsim'
INFO: [SIM-utils-51] Simulation object is 'sim_1'
INFO: [SIM-utils-72] Using boost library from 'C:/Xilinx/Vivado/2024.2/tps/boost_1_72_0'
INFO: [SIM-utils-54] Inspecting design source files for 'sevenseg_decoder_tb' in fileset 'sim_1'...
INFO: [USF-XSim-97] Finding global include files...
INFO: [USF-XSim-98] Fetching design files from 'sim_1'...
INFO: [USF-XSim-2] XSim::Compile design
INFO: [USF-XSim-61] Executing 'COMPILE and ANALYZE' step in 'C:/Users/C28Benjamin.Van_den/ECE_281/Lab02/binaryHexDisp/binaryHexDisp.sim/sim_1/behav/xsim'
"xvhdl --incr --relax -prj sevenseg_decoder_tb_vhdl.prj"
INFO: [VRFC 10-163] Analyzing VHDL file "C:/Users/C28Benjamin.Van_den/ECE_281/Lab02/src/sevenseg_decoder_tb.vhd" into library xil_defaultlib
INFO: [VRFC 10-3107] analyzing entity 'sevenseg_decoder_tb'
INFO: [USF-XSim-69] 'compile' step finished in '3' seconds
INFO: [USF-XSim-3] XSim::Elaborate design
INFO: [USF-XSim-61] Executing 'ELABORATE' step in 'C:/Users/C28Benjamin.Van_den/ECE_281/Lab02/binaryHexDisp/binaryHexDisp.sim/sim_1/behav/xsim'
"xelab --incr --debug typical --relax --mt 2 -L xil_defaultlib -L secureip --snapshot sevenseg_decoder_tb_behav xil_defaultlib.sevenseg_decoder_tb -log elaborate.log"
Vivado Simulator v2024.2.0
Copyright 1986-2022 Xilinx, Inc. All Rights Reserved.
Copyright 2022-2024 Advanced Micro Devices, Inc. All Rights Reserved.
Running: C:/Xilinx/Vivado/2024.2/bin/unwrapped/win64.o/xelab.exe --incr --debug typical --relax --mt 2 -L xil_defaultlib -L secureip --snapshot sevenseg_decoder_tb_behav xil_defaultlib.sevenseg_decoder_tb -log elaborate.log 
Using 2 slave threads.
Starting static elaboration
Completed static elaboration
Starting simulation data flow analysis
Completed simulation data flow analysis
Time Resolution for simulation is 1ps
Compiling package std.standard
Compiling package std.textio
Compiling package ieee.std_logic_1164
Compiling architecture behavioral of entity xil_defaultlib.sevenseg_decoder [sevenseg_decoder_default]
Compiling architecture behavioral of entity xil_defaultlib.sevenseg_decoder_tb
Built simulation snapshot sevenseg_decoder_tb_behav
INFO: [USF-XSim-69] 'elaborate' step finished in '3' seconds
INFO: [USF-XSim-4] XSim::Simulate design
INFO: [USF-XSim-61] Executing 'SIMULATE' step in 'C:/Users/C28Benjamin.Van_den/ECE_281/Lab02/binaryHexDisp/binaryHexDisp.sim/sim_1/behav/xsim'
INFO: [USF-XSim-98] *** Running xsim
   with args "sevenseg_decoder_tb_behav -key {Behavioral:sim_1:Functional:sevenseg_decoder_tb} -tclbatch {sevenseg_decoder_tb.tcl} -log {simulate.log}"
INFO: [USF-XSim-8] Loading simulator feature
Time resolution is 1 ps
source sevenseg_decoder_tb.tcl
# set curr_wave [current_wave_config]
# if { [string length $curr_wave] == 0 } {
#   if { [llength [get_objects]] > 0} {
#     add_wave /
#     set_property needs_save false [current_wave_config]
#   } else {
#      send_msg_id Add_Wave-1 WARNING "No top level signals found. Simulator will start without a wave window. If you want to open a wave window go to 'File->New Waveform Configuration' or type 'create_wave_config' in the TCL console."
#   }
# }
# run 1000ns
INFO: [USF-XSim-96] XSim completed. Design snapshot 'sevenseg_decoder_tb_behav' loaded.
INFO: [USF-XSim-97] XSim simulation ran for 1000ns
launch_simulation: Time (s): cpu = 00:00:01 ; elapsed = 00:00:09 . Memory (MB): peak = 2206.297 ; gain = 0.000
close_sim
INFO: [Simtcl 6-16] Simulation closed
WARNING: [filemgmt 56-199] Attempt to get parsing info during refresh. "On-the-fly" syntax checking information may be incorrect. [C:\Users\C28Benjamin.Van_den\ECE_281\Lab02\src\sevenseg_decoder.vhd:]
WARNING: [filemgmt 56-199] Attempt to get parsing info during refresh. "On-the-fly" syntax checking information may be incorrect. [C:\Users\C28Benjamin.Van_den\ECE_281\Lab02\src\top_basys3.vhd:]
WARNING: [filemgmt 56-199] Attempt to get parsing info during refresh. "On-the-fly" syntax checking information may be incorrect. [C:\Users\C28Benjamin.Van_den\ECE_281\Lab02\src\sevenseg_decoder_tb.v:]
WARNING: [filemgmt 56-199] Attempt to get parsing info during refresh. "On-the-fly" syntax checking information may be incorrect. [C:\Users\C28Benjamin.Van_den\ECE_281\Lab02\src\sevenseg_decoder.vhd:]
WARNING: [filemgmt 56-199] Attempt to get parsing info during refresh. "On-the-fly" syntax checking information may be incorrect. [C:\Users\C28Benjamin.Van_den\ECE_281\Lab02\src\sevenseg_decoder.vhd:]
ERROR: [Common 17-180] Spawn failed: No such file or directory
WARNING: [filemgmt 56-199] Attempt to get parsing info during refresh. "On-the-fly" syntax checking information may be incorrect. [C:\Users\C28Benjamin.Van_den\ECE_281\Lab02\src\sevenseg_decoder.vhd:]
WARNING: [filemgmt 56-199] Attempt to get parsing info during refresh. "On-the-fly" syntax checking information may be incorrect. [C:\Users\C28Benjamin.Van_den\ECE_281\Lab02\src\top_basys3.vhd:]
WARNING: [filemgmt 56-199] Attempt to get parsing info during refresh. "On-the-fly" syntax checking information may be incorrect. [C:\Users\C28Benjamin.Van_den\ECE_281\Lab02\src\sevenseg_decoder_tb.v:]
WARNING: [filemgmt 56-199] Attempt to get parsing info during refresh. "On-the-fly" syntax checking information may be incorrect. [C:\Users\C28Benjamin.Van_den\ECE_281\Lab02\src\top_basys3.vhd:]
WARNING: [filemgmt 56-199] Attempt to get parsing info during refresh. "On-the-fly" syntax checking information may be incorrect. [C:\Users\C28Benjamin.Van_den\ECE_281\Lab02\src\top_basys3.vhd:]
ERROR: [Common 17-180] Spawn failed: No such file or directory
WARNING: [filemgmt 56-199] Attempt to get parsing info during refresh. "On-the-fly" syntax checking information may be incorrect. [C:\Users\C28Benjamin.Van_den\ECE_281\Lab02\src\sevenseg_decoder.vhd:]
WARNING: [filemgmt 56-199] Attempt to get parsing info during refresh. "On-the-fly" syntax checking information may be incorrect. [C:\Users\C28Benjamin.Van_den\ECE_281\Lab02\src\top_basys3.vhd:]
WARNING: [filemgmt 56-199] Attempt to get parsing info during refresh. "On-the-fly" syntax checking information may be incorrect. [C:\Users\C28Benjamin.Van_den\ECE_281\Lab02\src\sevenseg_decoder_tb.v:]
WARNING: [filemgmt 56-199] Attempt to get parsing info during refresh. "On-the-fly" syntax checking information may be incorrect. [C:\Users\C28Benjamin.Van_den\ECE_281\Lab02\src\top_basys3.vhd:]
WARNING: [filemgmt 56-199] Attempt to get parsing info during refresh. "On-the-fly" syntax checking information may be incorrect. [C:\Users\C28Benjamin.Van_den\ECE_281\Lab02\src\top_basys3.vhd:]
ERROR: [Common 17-180] Spawn failed: No such file or directory
launch_runs impl_1 -to_step write_bitstream -jobs 8
[Thu Mar 12 22:44:44 2026] Launched synth_1...
Run output will be captured here: C:/Users/C28Benjamin.Van_den/ECE_281/Lab02/binaryHexDisp/binaryHexDisp.runs/synth_1/runme.log
[Thu Mar 12 22:44:44 2026] Launched impl_1...
Run output will be captured here: C:/Users/C28Benjamin.Van_den/ECE_281/Lab02/binaryHexDisp/binaryHexDisp.runs/impl_1/runme.log
WARNING: [filemgmt 56-199] Attempt to get parsing info during refresh. "On-the-fly" syntax checking information may be incorrect. [C:\Users\C28Benjamin.Van_den\ECE_281\Lab02\src\sevenseg_decoder.vhd:]
WARNING: [filemgmt 56-199] Attempt to get parsing info during refresh. "On-the-fly" syntax checking information may be incorrect. [C:\Users\C28Benjamin.Van_den\ECE_281\Lab02\src\top_basys3.vhd:]
WARNING: [filemgmt 56-199] Attempt to get parsing info during refresh. "On-the-fly" syntax checking information may be incorrect. [C:\Users\C28Benjamin.Van_den\ECE_281\Lab02\src\sevenseg_decoder_tb.v:]
WARNING: [filemgmt 56-199] Attempt to get parsing info during refresh. "On-the-fly" syntax checking information may be incorrect. [C:\Users\C28Benjamin.Van_den\ECE_281\Lab02\src\sevenseg_decoder.vhd:]
WARNING: [filemgmt 56-199] Attempt to get parsing info during refresh. "On-the-fly" syntax checking information may be incorrect. [C:\Users\C28Benjamin.Van_den\ECE_281\Lab02\src\sevenseg_decoder.vhd:]
ERROR: [Common 17-180] Spawn failed: No such file or directory
launch_simulation
Command: launch_simulation 
INFO: [Vivado 12-12493] Simulation top is 'sevenseg_decoder_tb'
WARNING: [Vivado 12-13340] Unable to auto find GCC executables from simulator install path! (path not set)
INFO: [Vivado 12-5682] Launching behavioral simulation in 'C:/Users/C28Benjamin.Van_den/ECE_281/Lab02/binaryHexDisp/binaryHexDisp.sim/sim_1/behav/xsim'
INFO: [SIM-utils-51] Simulation object is 'sim_1'
INFO: [SIM-utils-72] Using boost library from 'C:/Xilinx/Vivado/2024.2/tps/boost_1_72_0'
INFO: [SIM-utils-54] Inspecting design source files for 'sevenseg_decoder_tb' in fileset 'sim_1'...
INFO: [USF-XSim-97] Finding global include files...
INFO: [USF-XSim-98] Fetching design files from 'sim_1'...
INFO: [USF-XSim-2] XSim::Compile design
INFO: [USF-XSim-61] Executing 'COMPILE and ANALYZE' step in 'C:/Users/C28Benjamin.Van_den/ECE_281/Lab02/binaryHexDisp/binaryHexDisp.sim/sim_1/behav/xsim'
"xvhdl --incr --relax -prj sevenseg_decoder_tb_vhdl.prj"
INFO: [USF-XSim-69] 'compile' step finished in '3' seconds
INFO: [USF-XSim-3] XSim::Elaborate design
INFO: [USF-XSim-61] Executing 'ELABORATE' step in 'C:/Users/C28Benjamin.Van_den/ECE_281/Lab02/binaryHexDisp/binaryHexDisp.sim/sim_1/behav/xsim'
"xelab --incr --debug typical --relax --mt 2 -L xil_defaultlib -L secureip --snapshot sevenseg_decoder_tb_behav xil_defaultlib.sevenseg_decoder_tb -log elaborate.log"
INFO: [Common 17-41] Interrupt caught. Command should exit soon.
Vivado Simulator v2024.2.0
Copyright 1986-2022 Xilinx, Inc. All Rights Reserved.
Copyright 2022-2024 Advanced Micro Devices, Inc. All Rights Reserved.
Running: C:/Xilinx/Vivado/2024.2/bin/unwrapped/win64.o/xelab.exe --incr --debug typical --relax --mt 2 -L xil_defaultlib -L secureip --snapshot sevenseg_decoder_tb_behav xil_defaultlib.sevenseg_decoder_tb -log elaborate.log 
Using 2 slave threads.
Starting static elaboration
Completed static elaboration
INFO: [XSIM 43-4323] No Change in HDL. Linking previously generated obj files to create kernel
INFO: [Common 17-344] 'run_program' was cancelled
INFO: [Vivado 12-5357] 'elaborate' step aborted
launch_simulation: Time (s): cpu = 00:00:00 ; elapsed = 00:00:07 . Memory (MB): peak = 2206.297 ; gain = 0.000
INFO: [Common 17-344] 'launch_simulation' was cancelled
reset_run synth_1
launch_runs impl_1 -to_step write_bitstream -jobs 8
[Thu Mar 12 22:46:24 2026] Launched synth_1...
Run output will be captured here: C:/Users/C28Benjamin.Van_den/ECE_281/Lab02/binaryHexDisp/binaryHexDisp.runs/synth_1/runme.log
[Thu Mar 12 22:46:24 2026] Launched impl_1...
Run output will be captured here: C:/Users/C28Benjamin.Van_den/ECE_281/Lab02/binaryHexDisp/binaryHexDisp.runs/impl_1/runme.log
set_property SOURCE_SET sources_1 [get_filesets sim_1]
add_files -fileset sim_1 -norecurse C:/Users/C28Benjamin.Van_den/ECE_281/Lab02/src/sevenseg_decoder.vhd
WARNING: [filemgmt 56-12] File 'C:/Users/C28Benjamin.Van_den/ECE_281/Lab02/src/sevenseg_decoder.vhd' cannot be added to the project because it already exists in the project, skipping this file
WARNING: [filemgmt 56-199] Attempt to get parsing info during refresh. "On-the-fly" syntax checking information may be incorrect. [C:\Users\C28Benjamin.Van_den\ECE_281\Lab02\src\sevenseg_decoder.vhd:]
WARNING: [filemgmt 56-199] Attempt to get parsing info during refresh. "On-the-fly" syntax checking information may be incorrect. [C:\Users\C28Benjamin.Van_den\ECE_281\Lab02\src\top_basys3.vhd:]
WARNING: [filemgmt 56-199] Attempt to get parsing info during refresh. "On-the-fly" syntax checking information may be incorrect. [C:\Users\C28Benjamin.Van_den\ECE_281\Lab02\src\sevenseg_decoder_tb.v:]
WARNING: [filemgmt 56-199] Attempt to get parsing info during refresh. "On-the-fly" syntax checking information may be incorrect. [C:\Users\C28Benjamin.Van_den\ECE_281\Lab02\src\top_basys3.vhd:]
WARNING: [filemgmt 56-199] Attempt to get parsing info during refresh. "On-the-fly" syntax checking information may be incorrect. [C:\Users\C28Benjamin.Van_den\ECE_281\Lab02\src\top_basys3.vhd:]
ERROR: [Common 17-180] Spawn failed: No such file or directory
move_files [get_files  C:/Users/C28Benjamin.Van_den/ECE_281/Lab02/src/sevenseg_decoder.vhd]
WARNING: [filemgmt 56-199] Attempt to get parsing info during refresh. "On-the-fly" syntax checking information may be incorrect. [C:\Users\C28Benjamin.Van_den\ECE_281\Lab02\src\sevenseg_decoder.vhd:]
WARNING: [filemgmt 56-199] Attempt to get parsing info during refresh. "On-the-fly" syntax checking information may be incorrect. [C:\Users\C28Benjamin.Van_den\ECE_281\Lab02\src\top_basys3.vhd:]
WARNING: [filemgmt 56-199] Attempt to get parsing info during refresh. "On-the-fly" syntax checking information may be incorrect. [C:\Users\C28Benjamin.Van_den\ECE_281\Lab02\src\sevenseg_decoder_tb.v:]
WARNING: [filemgmt 56-199] Attempt to get parsing info during refresh. "On-the-fly" syntax checking information may be incorrect. [C:\Users\C28Benjamin.Van_den\ECE_281\Lab02\src\top_basys3.vhd:]
WARNING: [filemgmt 56-199] Attempt to get parsing info during refresh. "On-the-fly" syntax checking information may be incorrect. [C:\Users\C28Benjamin.Van_den\ECE_281\Lab02\src\top_basys3.vhd:]
ERROR: [Common 17-180] Spawn failed: No such file or directory
update_compile_order -fileset sources_1
WARNING: [filemgmt 56-199] Attempt to get parsing info during refresh. "On-the-fly" syntax checking information may be incorrect. [C:\Users\C28Benjamin.Van_den\ECE_281\Lab02\src\sevenseg_decoder.vhd:]
WARNING: [filemgmt 56-199] Attempt to get parsing info during refresh. "On-the-fly" syntax checking information may be incorrect. [C:\Users\C28Benjamin.Van_den\ECE_281\Lab02\src\top_basys3.vhd:]
WARNING: [filemgmt 56-199] Attempt to get parsing info during refresh. "On-the-fly" syntax checking information may be incorrect. [C:\Users\C28Benjamin.Van_den\ECE_281\Lab02\src\sevenseg_decoder_tb.v:]
WARNING: [filemgmt 56-199] Attempt to get parsing info during refresh. "On-the-fly" syntax checking information may be incorrect. [C:\Users\C28Benjamin.Van_den\ECE_281\Lab02\src\top_basys3.vhd:]
WARNING: [filemgmt 56-199] Attempt to get parsing info during refresh. "On-the-fly" syntax checking information may be incorrect. [C:\Users\C28Benjamin.Van_den\ECE_281\Lab02\src\top_basys3.vhd:]
ERROR: [Common 17-180] Spawn failed: No such file or directory
reset_run synth_1
launch_runs impl_1 -to_step write_bitstream -jobs 8
[Thu Mar 12 22:51:41 2026] Launched synth_1...
Run output will be captured here: C:/Users/C28Benjamin.Van_den/ECE_281/Lab02/binaryHexDisp/binaryHexDisp.runs/synth_1/runme.log
[Thu Mar 12 22:51:42 2026] Launched impl_1...
Run output will be captured here: C:/Users/C28Benjamin.Van_den/ECE_281/Lab02/binaryHexDisp/binaryHexDisp.runs/impl_1/runme.log
add_files -norecurse C:/Users/C28Benjamin.Van_den/ECE_281/Lab02/src/sevenseg_decoder.vhd
WARNING: [filemgmt 56-12] File 'C:/Users/C28Benjamin.Van_den/ECE_281/Lab02/src/sevenseg_decoder.vhd' cannot be added to the project because it already exists in the project, skipping this file
